<?xml version="1.0" encoding="UTF-8"?>
<!-- Generated by org.testng.reporters.JUnitXMLReporter -->
<testsuite hostname="Minas-MacBook-Pro.local" name="zadatak6_testcase" tests="5" failures="0" timestamp="9 Oct 2020 16:37:38 GMT" time="0.024" errors="0">
  <testcase name="test1" time="0.004" classname="unittesting.calculator.Zadatak6Test"/>
  <testcase name="test2" time="0.001" classname="unittesting.calculator.Zadatak6Test"/>
  <testcase name="test3" time="0.001" classname="unittesting.calculator.Zadatak6Test"/>
  <testcase name="test4" time="0.0" classname="unittesting.calculator.Zadatak6Test"/>
  <testcase name="test5" time="0.0" classname="unittesting.calculator.Zadatak6Test"/>
</testsuite> <!-- zadatak6_testcase -->
