<?xml version="1.0" encoding="UTF-8"?>
<!-- Generated by org.testng.reporters.JUnitXMLReporter -->
<testsuite hostname="tester-VirtualBox" name="Default test" tests="16" failures="0" timestamp="10 Mar 2021 14:16:02 GMT" time="0.635" errors="0">
  <testcase name="getTimeOFDayTest" time="0.026" classname="unittesting.parcijalni.SmartHouseTest"/>
  <testcase name="getTimeOFDayTest" time="0.002" classname="unittesting.parcijalni.SmartHouseTest"/>
  <testcase name="getTimeOFDayTest" time="0.005" classname="unittesting.parcijalni.SmartHouseTest"/>
  <testcase name="getTimeOFDayTest" time="0.003" classname="unittesting.parcijalni.SmartHouseTest"/>
  <testcase name="getTimeOFDayTest" time="0.007" classname="unittesting.parcijalni.SmartHouseTest"/>
  <testcase name="getTimeOFDayTest" time="0.002" classname="unittesting.parcijalni.SmartHouseTest"/>
  <testcase name="getTimeOFDayTest" time="0.009" classname="unittesting.parcijalni.SmartHouseTest"/>
  <testcase name="getTimeOFDayTest" time="0.002" classname="unittesting.parcijalni.SmartHouseTest"/>
  <testcase name="getTimeOFDayTest" time="0.002" classname="unittesting.parcijalni.SmartHouseTest"/>
  <testcase name="getTimeOFDayTest" time="0.008" classname="unittesting.parcijalni.SmartHouseTest"/>
  <testcase name="getTimeOFDayTest" time="0.003" classname="unittesting.parcijalni.SmartHouseTest"/>
  <testcase name="getTimeOFDayTest" time="0.001" classname="unittesting.parcijalni.SmartHouseTest"/>
  <testcase name="getTimeOFDayTest" time="0.001" classname="unittesting.parcijalni.SmartHouseTest"/>
  <testcase name="getTimeOFDayTest" time="0.006" classname="unittesting.parcijalni.SmartHouseTest"/>
  <testcase name="getTimeOFDayTest" time="0.001" classname="unittesting.parcijalni.SmartHouseTest"/>
  <testcase name="testExeption" time="0.001" classname="unittesting.parcijalni.SmartHouseTest"/>
</testsuite> <!-- Default test -->
