<?xml version="1.0" encoding="UTF-8"?>
<testng-results skipped="0" failed="0" total="16" passed="16">
  <reporter-output>
  </reporter-output>
  <suite name="smartHouseSuite" duration-ms="632" started-at="2021-03-10T14:29:37Z" finished-at="2021-03-10T14:29:37Z">
    <groups>
    </groups>
    <test name="smartHouseTest" duration-ms="632" started-at="2021-03-10T14:29:37Z" finished-at="2021-03-10T14:29:37Z">
      <class name="unittesting.parcijalni.SmartHouseTest">
        <test-method status="PASS" signature="beforeMethod()[pri:0, instance:unittesting.parcijalni.SmartHouseTest@56f4468b]" name="beforeMethod" is-config="true" duration-ms="462" started-at="2021-03-10T15:29:37Z" finished-at="2021-03-10T15:29:37Z">
          <reporter-output>
          </reporter-output>
        </test-method> <!-- beforeMethod -->
        <test-method status="PASS" signature="getTimeOFDayTest(int, java.lang.String)[pri:1, instance:unittesting.parcijalni.SmartHouseTest@56f4468b]" name="getTimeOFDayTest" duration-ms="21" started-at="2021-03-10T15:29:37Z" data-provider="data_provider" finished-at="2021-03-10T15:29:37Z">
          <params>
            <param index="0">
              <value>
                <![CDATA[1]]>
              </value>
            </param>
            <param index="1">
              <value>
                <![CDATA[Night]]>
              </value>
            </param>
          </params>
          <reporter-output>
          </reporter-output>
        </test-method> <!-- getTimeOFDayTest -->
        <test-method status="PASS" signature="getTimeOFDayTest(int, java.lang.String)[pri:1, instance:unittesting.parcijalni.SmartHouseTest@56f4468b]" name="getTimeOFDayTest" duration-ms="3" started-at="2021-03-10T15:29:37Z" data-provider="data_provider" finished-at="2021-03-10T15:29:37Z">
          <params>
            <param index="0">
              <value>
                <![CDATA[0]]>
              </value>
            </param>
            <param index="1">
              <value>
                <![CDATA[Night]]>
              </value>
            </param>
          </params>
          <reporter-output>
          </reporter-output>
        </test-method> <!-- getTimeOFDayTest -->
        <test-method status="PASS" signature="beforeMethod()[pri:0, instance:unittesting.parcijalni.SmartHouseTest@56f4468b]" name="beforeMethod" is-config="true" duration-ms="0" started-at="2021-03-10T15:29:37Z" finished-at="2021-03-10T15:29:37Z">
          <reporter-output>
          </reporter-output>
        </test-method> <!-- beforeMethod -->
        <test-method status="PASS" signature="beforeMethod()[pri:0, instance:unittesting.parcijalni.SmartHouseTest@56f4468b]" name="beforeMethod" is-config="true" duration-ms="0" started-at="2021-03-10T15:29:37Z" finished-at="2021-03-10T15:29:37Z">
          <reporter-output>
          </reporter-output>
        </test-method> <!-- beforeMethod -->
        <test-method status="PASS" signature="getTimeOFDayTest(int, java.lang.String)[pri:1, instance:unittesting.parcijalni.SmartHouseTest@56f4468b]" name="getTimeOFDayTest" duration-ms="2" started-at="2021-03-10T15:29:37Z" data-provider="data_provider" finished-at="2021-03-10T15:29:37Z">
          <params>
            <param index="0">
              <value>
                <![CDATA[10]]>
              </value>
            </param>
            <param index="1">
              <value>
                <![CDATA[Morning]]>
              </value>
            </param>
          </params>
          <reporter-output>
          </reporter-output>
        </test-method> <!-- getTimeOFDayTest -->
        <test-method status="PASS" signature="beforeMethod()[pri:0, instance:unittesting.parcijalni.SmartHouseTest@56f4468b]" name="beforeMethod" is-config="true" duration-ms="1" started-at="2021-03-10T15:29:37Z" finished-at="2021-03-10T15:29:37Z">
          <reporter-output>
          </reporter-output>
        </test-method> <!-- beforeMethod -->
        <test-method status="PASS" signature="getTimeOFDayTest(int, java.lang.String)[pri:1, instance:unittesting.parcijalni.SmartHouseTest@56f4468b]" name="getTimeOFDayTest" duration-ms="1" started-at="2021-03-10T15:29:37Z" data-provider="data_provider" finished-at="2021-03-10T15:29:37Z">
          <params>
            <param index="0">
              <value>
                <![CDATA[6]]>
              </value>
            </param>
            <param index="1">
              <value>
                <![CDATA[Morning]]>
              </value>
            </param>
          </params>
          <reporter-output>
          </reporter-output>
        </test-method> <!-- getTimeOFDayTest -->
        <test-method status="PASS" signature="beforeMethod()[pri:0, instance:unittesting.parcijalni.SmartHouseTest@56f4468b]" name="beforeMethod" is-config="true" duration-ms="1" started-at="2021-03-10T15:29:37Z" finished-at="2021-03-10T15:29:37Z">
          <reporter-output>
          </reporter-output>
        </test-method> <!-- beforeMethod -->
        <test-method status="PASS" signature="getTimeOFDayTest(int, java.lang.String)[pri:1, instance:unittesting.parcijalni.SmartHouseTest@56f4468b]" name="getTimeOFDayTest" duration-ms="1" started-at="2021-03-10T15:29:37Z" data-provider="data_provider" finished-at="2021-03-10T15:29:37Z">
          <params>
            <param index="0">
              <value>
                <![CDATA[7]]>
              </value>
            </param>
            <param index="1">
              <value>
                <![CDATA[Morning]]>
              </value>
            </param>
          </params>
          <reporter-output>
          </reporter-output>
        </test-method> <!-- getTimeOFDayTest -->
        <test-method status="PASS" signature="beforeMethod()[pri:0, instance:unittesting.parcijalni.SmartHouseTest@56f4468b]" name="beforeMethod" is-config="true" duration-ms="0" started-at="2021-03-10T15:29:37Z" finished-at="2021-03-10T15:29:37Z">
          <reporter-output>
          </reporter-output>
        </test-method> <!-- beforeMethod -->
        <test-method status="PASS" signature="getTimeOFDayTest(int, java.lang.String)[pri:1, instance:unittesting.parcijalni.SmartHouseTest@56f4468b]" name="getTimeOFDayTest" duration-ms="1" started-at="2021-03-10T15:29:37Z" data-provider="data_provider" finished-at="2021-03-10T15:29:37Z">
          <params>
            <param index="0">
              <value>
                <![CDATA[5]]>
              </value>
            </param>
            <param index="1">
              <value>
                <![CDATA[Night]]>
              </value>
            </param>
          </params>
          <reporter-output>
          </reporter-output>
        </test-method> <!-- getTimeOFDayTest -->
        <test-method status="PASS" signature="beforeMethod()[pri:0, instance:unittesting.parcijalni.SmartHouseTest@56f4468b]" name="beforeMethod" is-config="true" duration-ms="0" started-at="2021-03-10T15:29:37Z" finished-at="2021-03-10T15:29:37Z">
          <reporter-output>
          </reporter-output>
        </test-method> <!-- beforeMethod -->
        <test-method status="PASS" signature="getTimeOFDayTest(int, java.lang.String)[pri:1, instance:unittesting.parcijalni.SmartHouseTest@56f4468b]" name="getTimeOFDayTest" duration-ms="1" started-at="2021-03-10T15:29:37Z" data-provider="data_provider" finished-at="2021-03-10T15:29:37Z">
          <params>
            <param index="0">
              <value>
                <![CDATA[15]]>
              </value>
            </param>
            <param index="1">
              <value>
                <![CDATA[Noon]]>
              </value>
            </param>
          </params>
          <reporter-output>
          </reporter-output>
        </test-method> <!-- getTimeOFDayTest -->
        <test-method status="PASS" signature="beforeMethod()[pri:0, instance:unittesting.parcijalni.SmartHouseTest@56f4468b]" name="beforeMethod" is-config="true" duration-ms="1" started-at="2021-03-10T15:29:37Z" finished-at="2021-03-10T15:29:37Z">
          <reporter-output>
          </reporter-output>
        </test-method> <!-- beforeMethod -->
        <test-method status="PASS" signature="getTimeOFDayTest(int, java.lang.String)[pri:1, instance:unittesting.parcijalni.SmartHouseTest@56f4468b]" name="getTimeOFDayTest" duration-ms="4" started-at="2021-03-10T15:29:37Z" data-provider="data_provider" finished-at="2021-03-10T15:29:37Z">
          <params>
            <param index="0">
              <value>
                <![CDATA[12]]>
              </value>
            </param>
            <param index="1">
              <value>
                <![CDATA[Noon]]>
              </value>
            </param>
          </params>
          <reporter-output>
          </reporter-output>
        </test-method> <!-- getTimeOFDayTest -->
        <test-method status="PASS" signature="beforeMethod()[pri:0, instance:unittesting.parcijalni.SmartHouseTest@56f4468b]" name="beforeMethod" is-config="true" duration-ms="0" started-at="2021-03-10T15:29:37Z" finished-at="2021-03-10T15:29:37Z">
          <reporter-output>
          </reporter-output>
        </test-method> <!-- beforeMethod -->
        <test-method status="PASS" signature="getTimeOFDayTest(int, java.lang.String)[pri:1, instance:unittesting.parcijalni.SmartHouseTest@56f4468b]" name="getTimeOFDayTest" duration-ms="4" started-at="2021-03-10T15:29:37Z" data-provider="data_provider" finished-at="2021-03-10T15:29:37Z">
          <params>
            <param index="0">
              <value>
                <![CDATA[13]]>
              </value>
            </param>
            <param index="1">
              <value>
                <![CDATA[Noon]]>
              </value>
            </param>
          </params>
          <reporter-output>
          </reporter-output>
        </test-method> <!-- getTimeOFDayTest -->
        <test-method status="PASS" signature="beforeMethod()[pri:0, instance:unittesting.parcijalni.SmartHouseTest@56f4468b]" name="beforeMethod" is-config="true" duration-ms="0" started-at="2021-03-10T15:29:37Z" finished-at="2021-03-10T15:29:37Z">
          <reporter-output>
          </reporter-output>
        </test-method> <!-- beforeMethod -->
        <test-method status="PASS" signature="getTimeOFDayTest(int, java.lang.String)[pri:1, instance:unittesting.parcijalni.SmartHouseTest@56f4468b]" name="getTimeOFDayTest" duration-ms="3" started-at="2021-03-10T15:29:37Z" data-provider="data_provider" finished-at="2021-03-10T15:29:37Z">
          <params>
            <param index="0">
              <value>
                <![CDATA[11]]>
              </value>
            </param>
            <param index="1">
              <value>
                <![CDATA[Morning]]>
              </value>
            </param>
          </params>
          <reporter-output>
          </reporter-output>
        </test-method> <!-- getTimeOFDayTest -->
        <test-method status="PASS" signature="getTimeOFDayTest(int, java.lang.String)[pri:1, instance:unittesting.parcijalni.SmartHouseTest@56f4468b]" name="getTimeOFDayTest" duration-ms="4" started-at="2021-03-10T15:29:37Z" data-provider="data_provider" finished-at="2021-03-10T15:29:37Z">
          <params>
            <param index="0">
              <value>
                <![CDATA[20]]>
              </value>
            </param>
            <param index="1">
              <value>
                <![CDATA[Evening]]>
              </value>
            </param>
          </params>
          <reporter-output>
          </reporter-output>
        </test-method> <!-- getTimeOFDayTest -->
        <test-method status="PASS" signature="beforeMethod()[pri:0, instance:unittesting.parcijalni.SmartHouseTest@56f4468b]" name="beforeMethod" is-config="true" duration-ms="0" started-at="2021-03-10T15:29:37Z" finished-at="2021-03-10T15:29:37Z">
          <reporter-output>
          </reporter-output>
        </test-method> <!-- beforeMethod -->
        <test-method status="PASS" signature="beforeMethod()[pri:0, instance:unittesting.parcijalni.SmartHouseTest@56f4468b]" name="beforeMethod" is-config="true" duration-ms="0" started-at="2021-03-10T15:29:37Z" finished-at="2021-03-10T15:29:37Z">
          <reporter-output>
          </reporter-output>
        </test-method> <!-- beforeMethod -->
        <test-method status="PASS" signature="getTimeOFDayTest(int, java.lang.String)[pri:1, instance:unittesting.parcijalni.SmartHouseTest@56f4468b]" name="getTimeOFDayTest" duration-ms="5" started-at="2021-03-10T15:29:37Z" data-provider="data_provider" finished-at="2021-03-10T15:29:37Z">
          <params>
            <param index="0">
              <value>
                <![CDATA[17]]>
              </value>
            </param>
            <param index="1">
              <value>
                <![CDATA[Noon]]>
              </value>
            </param>
          </params>
          <reporter-output>
          </reporter-output>
        </test-method> <!-- getTimeOFDayTest -->
        <test-method status="PASS" signature="getTimeOFDayTest(int, java.lang.String)[pri:1, instance:unittesting.parcijalni.SmartHouseTest@56f4468b]" name="getTimeOFDayTest" duration-ms="2" started-at="2021-03-10T15:29:37Z" data-provider="data_provider" finished-at="2021-03-10T15:29:37Z">
          <params>
            <param index="0">
              <value>
                <![CDATA[18]]>
              </value>
            </param>
            <param index="1">
              <value>
                <![CDATA[Evening]]>
              </value>
            </param>
          </params>
          <reporter-output>
          </reporter-output>
        </test-method> <!-- getTimeOFDayTest -->
        <test-method status="PASS" signature="beforeMethod()[pri:0, instance:unittesting.parcijalni.SmartHouseTest@56f4468b]" name="beforeMethod" is-config="true" duration-ms="0" started-at="2021-03-10T15:29:37Z" finished-at="2021-03-10T15:29:37Z">
          <reporter-output>
          </reporter-output>
        </test-method> <!-- beforeMethod -->
        <test-method status="PASS" signature="beforeMethod()[pri:0, instance:unittesting.parcijalni.SmartHouseTest@56f4468b]" name="beforeMethod" is-config="true" duration-ms="7" started-at="2021-03-10T15:29:37Z" finished-at="2021-03-10T15:29:37Z">
          <reporter-output>
          </reporter-output>
        </test-method> <!-- beforeMethod -->
        <test-method status="PASS" signature="getTimeOFDayTest(int, java.lang.String)[pri:1, instance:unittesting.parcijalni.SmartHouseTest@56f4468b]" name="getTimeOFDayTest" duration-ms="12" started-at="2021-03-10T15:29:37Z" data-provider="data_provider" finished-at="2021-03-10T15:29:37Z">
          <params>
            <param index="0">
              <value>
                <![CDATA[19]]>
              </value>
            </param>
            <param index="1">
              <value>
                <![CDATA[Evening]]>
              </value>
            </param>
          </params>
          <reporter-output>
          </reporter-output>
        </test-method> <!-- getTimeOFDayTest -->
        <test-method status="PASS" signature="beforeMethod()[pri:0, instance:unittesting.parcijalni.SmartHouseTest@56f4468b]" name="beforeMethod" is-config="true" duration-ms="1" started-at="2021-03-10T15:29:37Z" finished-at="2021-03-10T15:29:37Z">
          <reporter-output>
          </reporter-output>
        </test-method> <!-- beforeMethod -->
        <test-method status="PASS" signature="getTimeOFDayTest(int, java.lang.String)[pri:1, instance:unittesting.parcijalni.SmartHouseTest@56f4468b]" name="getTimeOFDayTest" duration-ms="2" started-at="2021-03-10T15:29:37Z" data-provider="data_provider" finished-at="2021-03-10T15:29:37Z">
          <params>
            <param index="0">
              <value>
                <![CDATA[23]]>
              </value>
            </param>
            <param index="1">
              <value>
                <![CDATA[Evening]]>
              </value>
            </param>
          </params>
          <reporter-output>
          </reporter-output>
        </test-method> <!-- getTimeOFDayTest -->
        <test-method status="PASS" signature="beforeMethod()[pri:0, instance:unittesting.parcijalni.SmartHouseTest@56f4468b]" name="beforeMethod" is-config="true" duration-ms="6" started-at="2021-03-10T15:29:37Z" finished-at="2021-03-10T15:29:37Z">
          <reporter-output>
          </reporter-output>
        </test-method> <!-- beforeMethod -->
        <test-method status="PASS" signature="testExeption()[pri:2, instance:unittesting.parcijalni.SmartHouseTest@56f4468b]" name="testExeption" duration-ms="3" started-at="2021-03-10T15:29:37Z" finished-at="2021-03-10T15:29:37Z">
          <exception class="java.time.DateTimeException">
            <full-stacktrace>
              <![CDATA[java.time.DateTimeException
	at unittesting.parcijalni2.SmartHouse.GetTimeOfDay(SmartHouse.java:13)
	at unittesting.parcijalni.SmartHouseTest.testExeption(SmartHouseTest.java:72)
	at sun.reflect.NativeMethodAccessorImpl.invoke0(Native Method)
	at sun.reflect.NativeMethodAccessorImpl.invoke(NativeMethodAccessorImpl.java:62)
	at sun.reflect.DelegatingMethodAccessorImpl.invoke(DelegatingMethodAccessorImpl.java:43)
	at java.lang.reflect.Method.invoke(Method.java:498)
	at org.testng.internal.MethodInvocationHelper.invokeMethod(MethodInvocationHelper.java:86)
	at org.testng.internal.Invoker.invokeMethod(Invoker.java:643)
	at org.testng.internal.Invoker.invokeTestMethod(Invoker.java:820)
	at org.testng.internal.Invoker.invokeTestMethods(Invoker.java:1128)
	at org.testng.internal.TestMethodWorker.invokeTestMethods(TestMethodWorker.java:129)
	at org.testng.internal.TestMethodWorker.run(TestMethodWorker.java:112)
	at org.testng.TestRunner.privateRun(TestRunner.java:782)
	at org.testng.TestRunner.run(TestRunner.java:632)
	at org.testng.SuiteRunner.runTest(SuiteRunner.java:366)
	at org.testng.SuiteRunner.runSequentially(SuiteRunner.java:361)
	at org.testng.SuiteRunner.privateRun(SuiteRunner.java:319)
	at org.testng.SuiteRunner.run(SuiteRunner.java:268)
	at org.testng.SuiteRunnerWorker.runSuite(SuiteRunnerWorker.java:52)
	at org.testng.SuiteRunnerWorker.run(SuiteRunnerWorker.java:86)
	at org.testng.TestNG.runSuitesSequentially(TestNG.java:1244)
	at org.testng.TestNG.runSuitesLocally(TestNG.java:1169)
	at org.testng.TestNG.run(TestNG.java:1064)
	at org.testng.remote.AbstractRemoteTestNG.run(AbstractRemoteTestNG.java:114)
	at org.testng.remote.RemoteTestNG.initAndRun(RemoteTestNG.java:251)
	at org.testng.remote.RemoteTestNG.main(RemoteTestNG.java:77)
]]>
            </full-stacktrace>
          </exception> <!-- java.time.DateTimeException -->
          <reporter-output>
          </reporter-output>
        </test-method> <!-- testExeption -->
      </class> <!-- unittesting.parcijalni.SmartHouseTest -->
    </test> <!-- smartHouseTest -->
  </suite> <!-- smartHouseSuite -->
</testng-results>
