<?xml version="1.0" encoding="UTF-8"?>
<!-- Generated by org.testng.reporters.JUnitXMLReporter -->
<testsuite hostname="Minas-MacBook-Pro.local" name="zadatak3" tests="2" failures="1" timestamp="9 Oct 2020 16:29:09 GMT" time="1.011" errors="0">
  <testcase name="testSquare" time="0.0" classname="unittesting.calculator.CalculatorTestSquare"/>
  <testcase name="testSquareRoot" time="1.008" classname="unittesting.calculator.CalculatorTestSquare">
    <failure type="org.testng.internal.thread.ThreadTimeoutException" message="Method org.testng.internal.TestNGMethod.testSquareRoot() didn&amp;apos;t finish within the time-out 1000">
      <![CDATA[org.testng.internal.thread.ThreadTimeoutException: Method org.testng.internal.TestNGMethod.testSquareRoot() didn't finish within the time-out 1000
	at unittesting.calculator.Calculator.squareRoot(Calculator.java:27)
	at unittesting.calculator.CalculatorTestSquare.testSquareRoot(CalculatorTestSquare.java:36)
	at java.util.concurrent.Executors$RunnableAdapter.call(Executors.java:511)
	at java.util.concurrent.FutureTask.run(FutureTask.java:266)
	at java.util.concurrent.ThreadPoolExecutor.runWorker(ThreadPoolExecutor.java:1149)
	at java.util.concurrent.ThreadPoolExecutor$Worker.run(ThreadPoolExecutor.java:624)
	at java.lang.Thread.run(Thread.java:748)
... Removed 7 stack frames]]>
    </failure>
  </testcase> <!-- testSquareRoot -->
</testsuite> <!-- zadatak3 -->
