<?xml version="1.0" encoding="UTF-8"?>
<testng-results skipped="0" failed="0" total="2" passed="2">
  <reporter-output>
  </reporter-output>
  <suite name="Default suite" duration-ms="46969" started-at="2021-03-09T23:59:40Z" finished-at="2021-03-10T00:00:27Z">
    <groups>
    </groups>
    <test name="Default test" duration-ms="46969" started-at="2021-03-09T23:59:40Z" finished-at="2021-03-10T00:00:27Z">
      <class name="tests.AddMultipleNastavniks">
        <test-method status="PASS" signature="beforeSuite()[pri:0, instance:tests.AddMultipleNastavniks@1efbd816]" name="beforeSuite" is-config="true" duration-ms="3609" started-at="2021-03-09T23:59:36Z" finished-at="2021-03-09T23:59:40Z">
        </test-method> <!-- beforeSuite -->
        <test-method status="PASS" signature="addMoreThanOneNastavnik()[pri:0, instance:tests.AddMultipleNastavniks@1efbd816]" name="addMoreThanOneNastavnik" duration-ms="30424" started-at="2021-03-09T23:59:40Z" finished-at="2021-03-10T00:00:10Z">
        </test-method> <!-- addMoreThanOneNastavnik -->
        <test-method status="PASS" signature="deleteMoreThanOneNastavnik()[pri:0, instance:tests.AddMultipleNastavniks@1efbd816]" name="deleteMoreThanOneNastavnik" duration-ms="16439" started-at="2021-03-10T00:00:10Z" depends-on-methods="tests.AddMultipleNastavniks.addMoreThanOneNastavnik" finished-at="2021-03-10T00:00:27Z">
        </test-method> <!-- deleteMoreThanOneNastavnik -->
        <test-method status="PASS" signature="afterSuite()[pri:0, instance:tests.AddMultipleNastavniks@1efbd816]" name="afterSuite" is-config="true" duration-ms="126" started-at="2021-03-10T00:00:27Z" finished-at="2021-03-10T00:00:27Z">
        </test-method> <!-- afterSuite -->
      </class> <!-- tests.AddMultipleNastavniks -->
    </test> <!-- Default test -->
  </suite> <!-- Default suite -->
</testng-results>
