<?xml version="1.0" encoding="UTF-8"?>
<!-- Generated by org.testng.reporters.JUnitXMLReporter -->
<testsuite hostname="tester-VirtualBox" name="testAll" tests="7" failures="0" timestamp="9 Mar 2021 16:30:57 GMT" time="0.562" errors="0">
  <testcase name="happyFlow" time="0.021" classname="unittesting.parcijalni.HotelReceptionTest"/>
  <testcase name="has18Years" time="0.003" classname="unittesting.parcijalni.HotelReceptionTest"/>
  <testcase name="hasMinusYears" time="0.002" classname="unittesting.parcijalni.HotelReceptionTest"/>
  <testcase name="isMinor" time="0.001" classname="unittesting.parcijalni.HotelReceptionTest"/>
  <testcase name="roomCapacity" time="0.003" classname="unittesting.parcijalni.HotelReceptionTest"/>
  <testcase name="roomIsBooked" time="0.002" classname="unittesting.parcijalni.HotelReceptionTest"/>
  <testcase name="tooManyPeople" time="0.001" classname="unittesting.parcijalni.HotelReceptionTest"/>
</testsuite> <!-- testAll -->
